<?xml version="1.0" encoding="UTF-8"?>
<!-- Generated by org.testng.reporters.JUnitReportReporter -->
<testsuite skipped="0" hostname="DESKTOP-10G2ADP" name="practise.AppiumFramework.TC_01" tests="1" failures="0" timestamp="2022-04-26T11:46:13 IST" time="90.898" errors="0">
  <testcase name="tc1" time="90.898" classname="practise.AppiumFramework.TC_01"/>
  <system-out/>
</testsuite> <!-- practise.AppiumFramework.TC_01 -->
